14/06/2022 12:45:15 The log file has been set-up.
14/06/2022 12:45:15 Worker process running with:
14/06/2022 12:45:15  - Job Name: process
14/06/2022 12:45:15  - PID: 26974
14/06/2022 12:45:15  - Threads: 1
14/06/2022 12:45:15  - Node: rosetta6
14/06/2022 12:45:15  - System: Linux
14/06/2022 12:45:15  - Machine: x86_64
14/06/2022 12:45:15  - Timeout Limit: 356400
14/06/2022 12:45:15  - Process: [memmap(['/Mounts/rbg-storage1/users/ayed/shapepipe_data/inputs/flat_SNR/high_density/L512/shapepipe_run_2022-06-14_10-25-17/merge_starcat_runner/output/full_starcat-0000000.fits'],
       dtype='<U168')]
14/06/2022 12:45:15  - Running module: mccd_plots_runner
14/06/2022 12:45:15 TOTAL e1 residual RMSE: 5.691031e-03

14/06/2022 12:45:15 TOTAL e2 residual RMSE: 4.917001e-03

14/06/2022 12:45:15 TOTAL R2 residual RMSE: 1.323445e-01

14/06/2022 12:45:21 Bins: e1 residual RMSE: 0.003019

14/06/2022 12:45:31 Bins: e2 residual RMSE: 0.002577

14/06/2022 12:45:41 Bins: R2 residual RMSE: 0.009073

14/06/2022 12:45:51 [('ra', 'dec', 'g1', 'g2', 'psf_g1', 'psf_g2', 'w')]
14/06/2022 12:45:51 [('ra', 'dec', 'g1', 'g2', 'psf_g1', 'psf_g2', 'w')]
14/06/2022 12:45:51 [('ra', 'dec', 'sigma', 'psf_g1', 'psf_g2', 'psf_sigma', 'w')]
14/06/2022 12:45:51 [('ra', 'dec', 'g1', 'g2', 'sigma', 'psf_g1', 'psf_g2', 'psf_sigma', 'w')]
14/06/2022 12:45:51 [('ra', 'dec', 'sigma', 'psf_g1', 'psf_g2', 'psf_sigma', 'w')]
14/06/2022 12:45:51  > Computing rho statistics...
14/06/2022 12:45:51 ERROR: Cannot use given fields: ["{'coords':", "'spherical',", "'metric':", "'Euclidean',", "'sep_units':", "'arcmin',", "'bin_type':", "'Log'}"]
Traceback (most recent call last):
  File "/Mounts/rbg-storage1/users/ayed/miniconda3/envs/shapepipe/lib/python3.9/site-packages/shapepipe/pipeline/worker_handler.py", line 180, in _run_worker
    with_timeout(self.worker_dict['timeout'], self.w_log.name)(
  File "/Mounts/rbg-storage1/users/ayed/miniconda3/envs/shapepipe/lib/python3.9/site-packages/shapepipe/pipeline/timeout.py", line 42, in inner
    return decorated(*args, **kwargs)
  File "/Mounts/rbg-storage1/users/ayed/miniconda3/envs/shapepipe/lib/python3.9/site-packages/shapepipe/pipeline/worker_handler.py", line 194, in _worker_execution
    self._run_module()
  File "/Mounts/rbg-storage1/users/ayed/miniconda3/envs/shapepipe/lib/python3.9/site-packages/shapepipe/pipeline/worker_handler.py", line 215, in _run_module
    self._stdout, self._stderr = self._module_runner(
  File "/Mounts/rbg-storage1/users/ayed/miniconda3/envs/shapepipe/lib/python3.9/site-packages/shapepipe/modules/mccd_plots_runner.py", line 140, in mccd_plots_runner
    mccd_plots.rho_stats(
  File "/Mounts/rbg-storage1/users/ayed/miniconda3/envs/shapepipe/lib/python3.9/site-packages/shapepipe/modules/mccd_package/mccd_plot_utilities.py", line 1508, in rho_stats
    rho_results = [
  File "/Mounts/rbg-storage1/users/ayed/miniconda3/envs/shapepipe/lib/python3.9/site-packages/shapepipe/modules/mccd_package/mccd_plot_utilities.py", line 1509, in <listcomp>
    rho_stat(stilecat, config=TreeCorrConfig)
  File "/Mounts/rbg-storage1/users/ayed/miniconda3/envs/shapepipe/lib/python3.9/site-packages/stile/sys_tests.py", line 819, in __call__
    return self.getCF('gg', new_data, new_data2, new_random, new_random2,
  File "/Mounts/rbg-storage1/users/ayed/miniconda3/envs/shapepipe/lib/python3.9/site-packages/stile/sys_tests.py", line 543, in getCF
    results = stile.ReadTreeCorrResultsFile(output_file)
  File "/Mounts/rbg-storage1/users/ayed/miniconda3/envs/shapepipe/lib/python3.9/site-packages/stile/treecorr_utils.py", line 105, in ReadTreeCorrResultsFile
    return stile_utils.FormatArray(output, fields=fields)
  File "/Mounts/rbg-storage1/users/ayed/miniconda3/envs/shapepipe/lib/python3.9/site-packages/stile/stile_utils.py", line 90, in FormatArray
    raise RuntimeError('Cannot use given fields: '+str(fields))
RuntimeError: Cannot use given fields: ["{'coords':", "'spherical',", "'metric':", "'Euclidean',", "'sep_units':", "'arcmin',", "'bin_type':", "'Log'}"]
14/06/2022 12:45:51 The log file has been closed.
