14/06/2022 07:41:44 The log file has been set-up.
14/06/2022 07:41:44 Worker process running with:
14/06/2022 07:41:44  - Job Name: process
14/06/2022 07:41:44  - PID: 13982
14/06/2022 07:41:44  - Threads: 1
14/06/2022 07:41:44  - Node: rosetta6
14/06/2022 07:41:44  - System: Linux
14/06/2022 07:41:44  - Machine: x86_64
14/06/2022 07:41:44  - Timeout Limit: 356400
14/06/2022 07:41:44  - Process: [memmap(['/Mounts/rbg-storage1/users/ayed/shapepipe_data/inputs/flat_SNR/mid_density/U32/shapepipe_run_2022-06-14_05-38-10/merge_starcat_runner/output/full_starcat-0000000.fits'],
       dtype='<U166')]
14/06/2022 07:41:44  - Running module: mccd_plots_runner
14/06/2022 07:41:44 TOTAL e1 residual RMSE: 6.624287e-03

14/06/2022 07:41:44 TOTAL e2 residual RMSE: 5.659211e-03

14/06/2022 07:41:44 TOTAL R2 residual RMSE: 1.461215e-01

14/06/2022 07:41:51 Bins: e1 residual RMSE: 0.003532

14/06/2022 07:42:01 Bins: e2 residual RMSE: 0.003057

14/06/2022 07:42:11 Bins: R2 residual RMSE: 0.012703

14/06/2022 07:42:20 [('ra', 'dec', 'g1', 'g2', 'psf_g1', 'psf_g2', 'w')]
14/06/2022 07:42:20 [('ra', 'dec', 'g1', 'g2', 'psf_g1', 'psf_g2', 'w')]
14/06/2022 07:42:20 [('ra', 'dec', 'sigma', 'psf_g1', 'psf_g2', 'psf_sigma', 'w')]
14/06/2022 07:42:20 [('ra', 'dec', 'g1', 'g2', 'sigma', 'psf_g1', 'psf_g2', 'psf_sigma', 'w')]
14/06/2022 07:42:20 [('ra', 'dec', 'sigma', 'psf_g1', 'psf_g2', 'psf_sigma', 'w')]
14/06/2022 07:42:20  > Computing rho statistics...
14/06/2022 07:42:20 ERROR: Cannot use given fields: ["{'coords':", "'spherical',", "'metric':", "'Euclidean',", "'sep_units':", "'arcmin',", "'bin_type':", "'Log'}"]
Traceback (most recent call last):
  File "/Mounts/rbg-storage1/users/ayed/miniconda3/envs/shapepipe/lib/python3.9/site-packages/shapepipe/pipeline/worker_handler.py", line 180, in _run_worker
    with_timeout(self.worker_dict['timeout'], self.w_log.name)(
  File "/Mounts/rbg-storage1/users/ayed/miniconda3/envs/shapepipe/lib/python3.9/site-packages/shapepipe/pipeline/timeout.py", line 42, in inner
    return decorated(*args, **kwargs)
  File "/Mounts/rbg-storage1/users/ayed/miniconda3/envs/shapepipe/lib/python3.9/site-packages/shapepipe/pipeline/worker_handler.py", line 194, in _worker_execution
    self._run_module()
  File "/Mounts/rbg-storage1/users/ayed/miniconda3/envs/shapepipe/lib/python3.9/site-packages/shapepipe/pipeline/worker_handler.py", line 215, in _run_module
    self._stdout, self._stderr = self._module_runner(
  File "/Mounts/rbg-storage1/users/ayed/miniconda3/envs/shapepipe/lib/python3.9/site-packages/shapepipe/modules/mccd_plots_runner.py", line 140, in mccd_plots_runner
    mccd_plots.rho_stats(
  File "/Mounts/rbg-storage1/users/ayed/miniconda3/envs/shapepipe/lib/python3.9/site-packages/shapepipe/modules/mccd_package/mccd_plot_utilities.py", line 1508, in rho_stats
    rho_results = [
  File "/Mounts/rbg-storage1/users/ayed/miniconda3/envs/shapepipe/lib/python3.9/site-packages/shapepipe/modules/mccd_package/mccd_plot_utilities.py", line 1509, in <listcomp>
    rho_stat(stilecat, config=TreeCorrConfig)
  File "/Mounts/rbg-storage1/users/ayed/miniconda3/envs/shapepipe/lib/python3.9/site-packages/stile/sys_tests.py", line 819, in __call__
    return self.getCF('gg', new_data, new_data2, new_random, new_random2,
  File "/Mounts/rbg-storage1/users/ayed/miniconda3/envs/shapepipe/lib/python3.9/site-packages/stile/sys_tests.py", line 543, in getCF
    results = stile.ReadTreeCorrResultsFile(output_file)
  File "/Mounts/rbg-storage1/users/ayed/miniconda3/envs/shapepipe/lib/python3.9/site-packages/stile/treecorr_utils.py", line 105, in ReadTreeCorrResultsFile
    return stile_utils.FormatArray(output, fields=fields)
  File "/Mounts/rbg-storage1/users/ayed/miniconda3/envs/shapepipe/lib/python3.9/site-packages/stile/stile_utils.py", line 90, in FormatArray
    raise RuntimeError('Cannot use given fields: '+str(fields))
RuntimeError: Cannot use given fields: ["{'coords':", "'spherical',", "'metric':", "'Euclidean',", "'sep_units':", "'arcmin',", "'bin_type':", "'Log'}"]
14/06/2022 07:42:20 The log file has been closed.
