17/06/2022 09:26:59 The log file has been set-up.
17/06/2022 09:26:59 Worker process running with:
17/06/2022 09:26:59  - Job Name: process
17/06/2022 09:26:59  - PID: 62346
17/06/2022 09:26:59  - Threads: 1
17/06/2022 09:26:59  - Node: rosetta16.csail.mit.edu
17/06/2022 09:26:59  - System: Linux
17/06/2022 09:26:59  - Machine: x86_64
17/06/2022 09:26:59  - Timeout Limit: 356400
17/06/2022 09:26:59  - Process: [memmap(['/Mounts/rbg-storage1/users/ayed/shapepipe_data/inputs/real_SNR/high_density/L512/shapepipe_run_2022-06-17_05-55-14/merge_starcat_runner/output/full_starcat-0000000.fits'],
       dtype='<U168')]
17/06/2022 09:26:59  - Running module: mccd_plots_runner
17/06/2022 09:26:59 TOTAL e1 residual RMSE: 7.978616e-02

17/06/2022 09:26:59 TOTAL e2 residual RMSE: 8.887608e-02

17/06/2022 09:26:59 TOTAL R2 residual RMSE: 7.136802e+01

17/06/2022 09:27:05 Bins: e1 residual RMSE: 0.046156

17/06/2022 09:27:13 Bins: e2 residual RMSE: 0.048768

17/06/2022 09:27:22 Bins: R2 residual RMSE: 7.256649

17/06/2022 09:27:30 [('ra', 'dec', 'g1', 'g2', 'psf_g1', 'psf_g2', 'w')]
17/06/2022 09:27:30 [('ra', 'dec', 'g1', 'g2', 'psf_g1', 'psf_g2', 'w')]
17/06/2022 09:27:30 [('ra', 'dec', 'sigma', 'psf_g1', 'psf_g2', 'psf_sigma', 'w')]
17/06/2022 09:27:30 [('ra', 'dec', 'g1', 'g2', 'sigma', 'psf_g1', 'psf_g2', 'psf_sigma', 'w')]
17/06/2022 09:27:30 [('ra', 'dec', 'sigma', 'psf_g1', 'psf_g2', 'psf_sigma', 'w')]
17/06/2022 09:27:30  > Computing rho statistics...
17/06/2022 09:27:30 ERROR: Cannot use given fields: ["{'coords':", "'spherical',", "'metric':", "'Euclidean',", "'sep_units':", "'arcmin',", "'bin_type':", "'Log'}"]
Traceback (most recent call last):
  File "/Mounts/rbg-storage1/users/ayed/miniconda3/envs/shapepipe/lib/python3.9/site-packages/shapepipe/pipeline/worker_handler.py", line 180, in _run_worker
    with_timeout(self.worker_dict['timeout'], self.w_log.name)(
  File "/Mounts/rbg-storage1/users/ayed/miniconda3/envs/shapepipe/lib/python3.9/site-packages/shapepipe/pipeline/timeout.py", line 42, in inner
    return decorated(*args, **kwargs)
  File "/Mounts/rbg-storage1/users/ayed/miniconda3/envs/shapepipe/lib/python3.9/site-packages/shapepipe/pipeline/worker_handler.py", line 194, in _worker_execution
    self._run_module()
  File "/Mounts/rbg-storage1/users/ayed/miniconda3/envs/shapepipe/lib/python3.9/site-packages/shapepipe/pipeline/worker_handler.py", line 215, in _run_module
    self._stdout, self._stderr = self._module_runner(
  File "/Mounts/rbg-storage1/users/ayed/miniconda3/envs/shapepipe/lib/python3.9/site-packages/shapepipe/modules/mccd_plots_runner.py", line 140, in mccd_plots_runner
    mccd_plots.rho_stats(
  File "/Mounts/rbg-storage1/users/ayed/miniconda3/envs/shapepipe/lib/python3.9/site-packages/shapepipe/modules/mccd_package/mccd_plot_utilities.py", line 1508, in rho_stats
    rho_results = [
  File "/Mounts/rbg-storage1/users/ayed/miniconda3/envs/shapepipe/lib/python3.9/site-packages/shapepipe/modules/mccd_package/mccd_plot_utilities.py", line 1509, in <listcomp>
    rho_stat(stilecat, config=TreeCorrConfig)
  File "/Mounts/rbg-storage1/users/ayed/miniconda3/envs/shapepipe/lib/python3.9/site-packages/stile/sys_tests.py", line 819, in __call__
    return self.getCF('gg', new_data, new_data2, new_random, new_random2,
  File "/Mounts/rbg-storage1/users/ayed/miniconda3/envs/shapepipe/lib/python3.9/site-packages/stile/sys_tests.py", line 543, in getCF
    results = stile.ReadTreeCorrResultsFile(output_file)
  File "/Mounts/rbg-storage1/users/ayed/miniconda3/envs/shapepipe/lib/python3.9/site-packages/stile/treecorr_utils.py", line 105, in ReadTreeCorrResultsFile
    return stile_utils.FormatArray(output, fields=fields)
  File "/Mounts/rbg-storage1/users/ayed/miniconda3/envs/shapepipe/lib/python3.9/site-packages/stile/stile_utils.py", line 90, in FormatArray
    raise RuntimeError('Cannot use given fields: '+str(fields))
RuntimeError: Cannot use given fields: ["{'coords':", "'spherical',", "'metric':", "'Euclidean',", "'sep_units':", "'arcmin',", "'bin_type':", "'Log'}"]
17/06/2022 09:27:30 The log file has been closed.
